{
  "RSpec": {
    "coverage": {
      "/home/bethanyr/examples/InstructionGuide/app/controllers/application_controller.rb": [
        1,
        1,
        null
      ],
      "/home/bethanyr/examples/InstructionGuide/app/helpers/application_helper.rb": [
        1,
        null
      ],
      "/home/bethanyr/examples/InstructionGuide/app/helpers/instructionguides_helper.rb": [
        1,
        null
      ],
      "/home/bethanyr/examples/InstructionGuide/app/helpers/steps_helper.rb": [
        1,
        null
      ],
      "/home/bethanyr/examples/InstructionGuide/app/controllers/instructionguides_controller.rb": [
        1,
        1,
        1,
        4,
        null,
        null,
        1,
        1,
        null,
        null,
        1,
        1,
        1,
        1,
        1,
        null,
        0,
        0,
        null,
        null,
        null,
        1,
        null,
        null,
        1,
        1,
        4,
        null,
        0,
        null,
        0,
        null,
        null
      ],
      "/home/bethanyr/examples/InstructionGuide/app/models/instructionguide.rb": [
        1,
        1,
        1,
        null
      ],
      "/home/bethanyr/examples/InstructionGuide/app/controllers/steps_controller.rb": [
        1,
        1,
        1,
        1,
        1,
        null,
        null,
        1,
        0,
        null,
        null,
        1,
        null,
        null,
        null,
        1,
        1,
        1,
        1,
        1,
        null,
        0,
        0,
        null,
        null,
        null,
        1,
        1,
        3,
        null,
        1,
        1,
        null,
        null
      ],
      "/home/bethanyr/examples/InstructionGuide/app/models/step.rb": [
        1,
        1,
        1,
        null
      ],
      "/home/bethanyr/examples/InstructionGuide/app/models/ticket.rb": [
        1,
        1,
        1,
        null
      ]
    },
    "timestamp": 1374468132
  }
}
